<?xml version="1.0" encoding="UTF-8"?>
<!-- Generated by org.testng.reporters.JUnitXMLReporter -->
<testsuite hostname="LAP-064-HB12" name="Login Test Cases" tests="3" failures="0" timestamp="1 Jun 2016 11:41:10 GMT" time="47.348" errors="0">
  <testcase name="validateLogin" time="17.173" classname="com.spire.acqura2.test.accenture.login.loginTestPlan"/>
  <testcase name="validateLoginPageScreen" time="7.305" classname="com.spire.acqura2.test.accenture.login.loginTestPlan"/>
  <testcase name="validateLogout" time="16.819" classname="com.spire.acqura2.test.accenture.login.loginTestPlan"/>
</testsuite> <!-- Login Test Cases -->
