<?xml version="1.0" encoding="UTF-8"?>
<!-- Generated by org.testng.reporters.JUnitXMLReporter -->
<testsuite hostname="LAP-064-HB12" name="Login-Logout Test Cases" tests="3" failures="0" timestamp="14 Jun 2016 07:46:23 GMT" time="83.625" errors="0">
  <testcase name="validateLogin" time="24.575" classname="com.spire.acqura2.test.accenture.login.loginTestPlan"/>
  <testcase name="validateLoginPageScreen" time="10.492" classname="com.spire.acqura2.test.accenture.login.loginTestPlan"/>
  <testcase name="validateLogout" time="40.215" classname="com.spire.acqura2.test.accenture.login.loginTestPlan"/>
</testsuite> <!-- Login-Logout Test Cases -->
